Arguments: 
  /usr/bin/node /usr/bin/yarn install

PATH: 
  /home/tmoon/.npm-global/bin:/usr/local/bin:/usr/local/sbin:/usr/bin:/var/lib/flatpak/exports/bin:/usr/lib/jvm/default/bin:/usr/bin/site_perl:/usr/bin/vendor_perl:/usr/bin/core_perl

Yarn version: 
  1.12.3

Node version: 
  11.1.0

Platform: 
  linux x64

Trace: 
  SyntaxError: /home/tmoon/Code/ByteUnitsExamples/nextjs-pkg-docker-alpine/package.json: Unexpected end of JSON input
      at JSON.parse (<anonymous>)
      at /usr/lib/node_modules/yarn/lib/cli.js:1631:59
      at Generator.next (<anonymous>)
      at step (/usr/lib/node_modules/yarn/lib/cli.js:304:30)
      at /usr/lib/node_modules/yarn/lib/cli.js:315:13

npm manifest: 
  

yarn manifest: 
  No manifest

Lockfile: 
  No lockfile
